0 info it worked if it ends with ok
1 verbose cli [ 'node',
1 verbose cli   '/usr/local/lib/node_modules/cnpm/node_modules/.bin/npm',
1 verbose cli   '--userconfig=/Users/aaron/.cnpmrc',
1 verbose cli   '--disturl=https://npm.taobao.org/mirrors/node',
1 verbose cli   '--cache=/Users/aaron/.cnpm',
1 verbose cli   '--registry=https://registry.npm.taobao.org',
1 verbose cli   '--node-gyp=/usr/local/lib/node_modules/cnpm/node_modules/pangyp/bin/node-gyp.js',
1 verbose cli   'run',
1 verbose cli   'dev' ]
2 info using npm@2.13.5
3 info using node@v0.12.7
4 verbose stack Error: ENOENT, open '/Users/aaron/Documents/work_php/zhuoyouwxadmin/package.json'
4 verbose stack     at Error (native)
5 verbose cwd /Users/aaron/Documents/work_php/zhuoyouwxadmin
6 error Darwin 14.5.0
7 error argv "node" "/usr/local/lib/node_modules/cnpm/node_modules/.bin/npm" "--userconfig=/Users/aaron/.cnpmrc" "--disturl=https://npm.taobao.org/mirrors/node" "--cache=/Users/aaron/.cnpm" "--registry=https://registry.npm.taobao.org" "--node-gyp=/usr/local/lib/node_modules/cnpm/node_modules/pangyp/bin/node-gyp.js" "run" "dev"
8 error node v0.12.7
9 error npm  v2.13.5
10 error path /Users/aaron/Documents/work_php/zhuoyouwxadmin/package.json
11 error code ENOENT
12 error errno -2
13 error enoent ENOENT, open '/Users/aaron/Documents/work_php/zhuoyouwxadmin/package.json'
13 error enoent This is most likely not a problem with npm itself
13 error enoent and is related to npm not being able to find a file.
14 verbose exit [ -2, true ]
